<?xml version="1.0" encoding="UTF-8" ?>
<testsuite tests="5" failures="0" name="app.CarritoTest" time="0.003" errors="0" skipped="0">
  <properties>
[...]
</properties>
  <testcase classname="app.CarritoTest" name="testEliminarProductoInexistente" time="0.003"/>
  <testcase classname="app.CarritoTest" name="testCalcularTotal" time="0"/>
  <testcase classname="app.CarritoTest" name="testEliminarProducto" time="0"/>
  <testcase classname="app.CarritoTest" name="testCalcularTotalDespuesDeAgregarProductos" time="0"/>
  <testcase classname="app.CarritoTest" name="testAgregarProducto" time="0"/>
</testsuite>